<?xml version="1.0" encoding="UTF-8" ?>
<testsuite errors="0" failures="0" hostname="qb-trollgrottan" name="se.qbranch.qanban.BoardEventCreateTests" tests="1" time="0.121" timestamp="2010-01-15T10:00:07">
  <properties />
  <testcase classname="se.qbranch.qanban.BoardEventCreateTests" name="testCreatingABoard" time="0.121" />
  <system-out><![CDATA[--Output from testCreatingABoard--
fa54523ba686f6142a51ca4c9d2ea392
]]></system-out>
  <system-err><![CDATA[--Output from testCreatingABoard--
]]></system-err>
</testsuite>
