<?xml version="1.0" encoding="UTF-8" ?>
<testsuite errors="0" failures="0" hostname="qb-trollgrottan" name="se.qbranch.qanban.CardTests" tests="1" time="0.0050" timestamp="2010-01-15T10:00:07">
  <properties />
  <testcase classname="se.qbranch.qanban.CardTests" name="testCreateCard" time="0.0050" />
  <system-out><![CDATA[--Output from testCreateCard--
]]></system-out>
  <system-err><![CDATA[--Output from testCreateCard--
]]></system-err>
</testsuite>
