<?xml version="1.0" encoding="UTF-8" ?>
<testsuite errors="0" failures="0" hostname="qb-trollgrottan" name="se.qbranch.qanban.CardEventUpdateTests" tests="2" time="0.578" timestamp="2010-01-15T10:00:09">
  <properties />
  <testcase classname="se.qbranch.qanban.CardEventUpdateTests" name="testSuccessfulUpdating" time="0.261" />
  <testcase classname="se.qbranch.qanban.CardEventUpdateTests" name="testUnsuccessfulUpdateWidhoutCaseNumber" time="0.316" />
  <system-out><![CDATA[--Output from testSuccessfulUpdating--
First phase
   Card #1
   Card #2
Second phase
   Card #3
Third phase
--Output from testUnsuccessfulUpdateWidhoutCaseNumber--
First phase
   Card #1
   Card #2
Second phase
   Card #3
Third phase
Field error in object 'se.qbranch.qanban.CardEventUpdate' on field 'caseNumber': rejected value [null]; codes [se.qbranch.qanban.CardEventUpdate.caseNumber.nullable.error.se.qbranch.qanban.CardEventUpdate.caseNumber,se.qbranch.qanban.CardEventUpdate.caseNumber.nullable.error.caseNumber,se.qbranch.qanban.CardEventUpdate.caseNumber.nullable.error.java.lang.String,se.qbranch.qanban.CardEventUpdate.caseNumber.nullable.error,cardEventUpdate.caseNumber.nullable.error.se.qbranch.qanban.CardEventUpdate.caseNumber,cardEventUpdate.caseNumber.nullable.error.caseNumber,cardEventUpdate.caseNumber.nullable.error.java.lang.String,cardEventUpdate.caseNumber.nullable.error,se.qbranch.qanban.CardEventUpdate.caseNumber.nullable.se.qbranch.qanban.CardEventUpdate.caseNumber,se.qbranch.qanban.CardEventUpdate.caseNumber.nullable.caseNumber,se.qbranch.qanban.CardEventUpdate.caseNumber.nullable.java.lang.String,se.qbranch.qanban.CardEventUpdate.caseNumber.nullable,cardEventUpdate.caseNumber.nullable.se.qbranch.qanban.CardEventUpdate.caseNumber,cardEventUpdate.caseNumber.nullable.caseNumber,cardEventUpdate.caseNumber.nullable.java.lang.String,cardEventUpdate.caseNumber.nullable,nullable.se.qbranch.qanban.CardEventUpdate.caseNumber,nullable.caseNumber,nullable.java.lang.String,nullable]; arguments [caseNumber,class se.qbranch.qanban.CardEventUpdate]; default message [Property [{0}] of class [{1}] cannot be null]
]]></system-out>
  <system-err><![CDATA[--Output from testSuccessfulUpdating--
--Output from testUnsuccessfulUpdateWidhoutCaseNumber--
]]></system-err>
</testsuite>
