<?xml version="1.0" encoding="UTF-8" ?>
<testsuite errors="0" failures="0" hostname="qb-trollgrottan" name="se.qbranch.qanban.PhaseTests" tests="3" time="0.162" timestamp="2010-01-15T10:00:09">
  <properties />
  <testcase classname="se.qbranch.qanban.PhaseTests" name="testCreatePhase" time="0.036" />
  <testcase classname="se.qbranch.qanban.PhaseTests" name="testPhaseWithCard" time="0.094" />
  <testcase classname="se.qbranch.qanban.PhaseTests" name="testCreatingAPhaseWithLiteralCardLimit" time="0.032" />
  <system-out><![CDATA[--Output from testCreatePhase--
--Output from testPhaseWithCard--
--Output from testCreatingAPhaseWithLiteralCardLimit--
Field error in object 'se.qbranch.qanban.Phase' on field 'cardLimit': rejected value [null]; codes [se.qbranch.qanban.Phase.cardLimit.nullable.error.se.qbranch.qanban.Phase.cardLimit,se.qbranch.qanban.Phase.cardLimit.nullable.error.cardLimit,se.qbranch.qanban.Phase.cardLimit.nullable.error.java.lang.Integer,se.qbranch.qanban.Phase.cardLimit.nullable.error,phase.cardLimit.nullable.error.se.qbranch.qanban.Phase.cardLimit,phase.cardLimit.nullable.error.cardLimit,phase.cardLimit.nullable.error.java.lang.Integer,phase.cardLimit.nullable.error,se.qbranch.qanban.Phase.cardLimit.nullable.se.qbranch.qanban.Phase.cardLimit,se.qbranch.qanban.Phase.cardLimit.nullable.cardLimit,se.qbranch.qanban.Phase.cardLimit.nullable.java.lang.Integer,se.qbranch.qanban.Phase.cardLimit.nullable,phase.cardLimit.nullable.se.qbranch.qanban.Phase.cardLimit,phase.cardLimit.nullable.cardLimit,phase.cardLimit.nullable.java.lang.Integer,phase.cardLimit.nullable,nullable.se.qbranch.qanban.Phase.cardLimit,nullable.cardLimit,nullable.java.lang.Integer,nullable]; arguments [cardLimit,class se.qbranch.qanban.Phase]; default message [Property [{0}] of class [{1}] cannot be null]
]]></system-out>
  <system-err><![CDATA[--Output from testCreatePhase--
--Output from testPhaseWithCard--
--Output from testCreatingAPhaseWithLiteralCardLimit--
]]></system-err>
</testsuite>
