<?xml version="1.0" encoding="UTF-8" ?>
<testsuite errors="0" failures="0" hostname="qb-trollgrottan" name="se.qbranch.qanban.BoardTests" tests="1" time="0.014" timestamp="2010-01-15T10:00:07">
  <properties />
  <testcase classname="se.qbranch.qanban.BoardTests" name="testHasPhases" time="0.014" />
  <system-out><![CDATA[--Output from testHasPhases--
]]></system-out>
  <system-err><![CDATA[--Output from testHasPhases--
]]></system-err>
</testsuite>
