<?xml version="1.0" encoding="UTF-8" ?>
<testsuite errors="0" failures="0" hostname="qb-trollgrottan" name="se.qbranch.qanban.PhaseEventDeleteTests" tests="1" time="0.339" timestamp="2010-01-15T10:00:08">
  <properties />
  <testcase classname="se.qbranch.qanban.PhaseEventDeleteTests" name="testDeletePhase" time="0.339" />
  <system-out><![CDATA[--Output from testDeletePhase--
First phase
   Card #1
   Card #2
Second phase
   Card #3
Third phase
]]></system-out>
  <system-err><![CDATA[--Output from testDeletePhase--
]]></system-err>
</testsuite>
